# JRE version: OpenJDK Runtime Environment AdoptOpenJDK (14.0.2+12) (build 14.0.2+12)
# Java VM: OpenJDK 64-Bit Server VM AdoptOpenJDK (14.0.2+12, mixed mode, sharing, tiered, compressed oops, g1 gc, windows-amd64)
Heap:
 garbage-first heap   total 89088K, used 51910K [0x0000000081c00000, 0x0000000100000000)
  region size 1024K, 22 young (22528K), 3 survivors (3072K)
 Metaspace       used 69102K, capacity 70626K, committed 70812K, reserved 1110016K
  class space    used 9302K, capacity 9858K, committed 9964K, reserved 1048576K
GC Heap History (20 events):
Event: 9.827 GC heap before
{Heap before GC invocations=15 (full 0):
 garbage-first heap   total 61440K, used 47633K [0x0000000081c00000, 0x0000000100000000)
  region size 1024K, 31 young (31744K), 3 survivors (3072K)
 Metaspace       used 35833K, capacity 36811K, committed 37040K, reserved 1081344K
  class space    used 4634K, capacity 5034K, committed 5120K, reserved 1048576K
}
Event: 9.836 GC heap after
{Heap after GC invocations=16 (full 0):
 garbage-first heap   total 61440K, used 19429K [0x0000000081c00000, 0x0000000100000000)
  region size 1024K, 1 young (1024K), 1 survivors (1024K)
 Metaspace       used 35833K, capacity 36811K, committed 37040K, reserved 1081344K
  class space    used 4634K, capacity 5034K, committed 5120K, reserved 1048576K
}
Event: 9.851 GC heap before
{Heap before GC invocations=16 (full 0):
 garbage-first heap   total 61440K, used 48101K [0x0000000081c00000, 0x0000000100000000)
  region size 1024K, 30 young (30720K), 1 survivors (1024K)
 Metaspace       used 35838K, capacity 36811K, committed 37040K, reserved 1081344K
  class space    used 4634K, capacity 5034K, committed 5120K, reserved 1048576K
}
Event: 9.855 GC heap after
{Heap after GC invocations=17 (full 0):
 garbage-first heap   total 73728K, used 19329K [0x0000000081c00000, 0x0000000100000000)
  region size 1024K, 1 young (1024K), 1 survivors (1024K)
 Metaspace       used 35838K, capacity 36811K, committed 37040K, reserved 1081344K
  class space    used 4634K, capacity 5034K, committed 5120K, reserved 1048576K
}
Event: 10.564 GC heap before
{Heap before GC invocations=17 (full 0):
 garbage-first heap   total 73728K, used 58241K [0x0000000081c00000, 0x0000000100000000)
  region size 1024K, 40 young (40960K), 1 survivors (1024K)
 Metaspace       used 38789K, capacity 39868K, committed 40112K, reserved 1083392K
  class space    used 4963K, capacity 5369K, committed 5376K, reserved 1048576K
}
Event: 10.570 GC heap after
{Heap after GC invocations=18 (full 0):
 garbage-first heap   total 73728K, used 20640K [0x0000000081c00000, 0x0000000100000000)
  region size 1024K, 3 young (3072K), 3 survivors (3072K)
 Metaspace       used 38789K, capacity 39868K, committed 40112K, reserved 1083392K
  class space    used 4963K, capacity 5369K, committed 5376K, reserved 1048576K
}
Event: 11.061 GC heap before
{Heap before GC invocations=18 (full 0):
 garbage-first heap   total 73728K, used 58528K [0x0000000081c00000, 0x0000000100000000)
  region size 1024K, 40 young (40960K), 3 survivors (3072K)
 Metaspace       used 41667K, capacity 42708K, committed 42928K, reserved 1087488K
  class space    used 5429K, capacity 5844K, committed 5888K, reserved 1048576K
}
Event: 11.068 GC heap after
{Heap after GC invocations=19 (full 0):
 garbage-first heap   total 73728K, used 22027K [0x0000000081c00000, 0x0000000100000000)
  region size 1024K, 4 young (4096K), 4 survivors (4096K)
 Metaspace       used 41667K, capacity 42708K, committed 42928K, reserved 1087488K
  class space    used 5429K, capacity 5844K, committed 5888K, reserved 1048576K
}
Event: 11.594 GC heap before
{Heap before GC invocations=19 (full 0):
 garbage-first heap   total 73728K, used 58891K [0x0000000081c00000, 0x0000000100000000)
  region size 1024K, 40 young (40960K), 4 survivors (4096K)
 Metaspace       used 44794K, capacity 45912K, committed 46000K, reserved 1089536K
  class space    used 5948K, capacity 6356K, committed 6400K, reserved 1048576K
}
Event: 11.603 GC heap after
{Heap after GC invocations=20 (full 0):
 garbage-first heap   total 73728K, used 23575K [0x0000000081c00000, 0x0000000100000000)
  region size 1024K, 3 young (3072K), 3 survivors (3072K)
 Metaspace       used 44794K, capacity 45912K, committed 46000K, reserved 1089536K
  class space    used 5948K, capacity 6356K, committed 6400K, reserved 1048576K
}
Event: 12.533 GC heap before
{Heap before GC invocations=20 (full 0):
 garbage-first heap   total 73728K, used 59415K [0x0000000081c00000, 0x0000000100000000)
  region size 1024K, 39 young (39936K), 3 survivors (3072K)
 Metaspace       used 49068K, capacity 50281K, committed 50480K, reserved 1093632K
  class space    used 6529K, capacity 6994K, committed 7040K, reserved 1048576K
}
Event: 12.544 GC heap after
{Heap after GC invocations=21 (full 0):
 garbage-first heap   total 73728K, used 25611K [0x0000000081c00000, 0x0000000100000000)
  region size 1024K, 4 young (4096K), 4 survivors (4096K)
 Metaspace       used 49068K, capacity 50281K, committed 50480K, reserved 1093632K
  class space    used 6529K, capacity 6994K, committed 7040K, reserved 1048576K
}
Event: 13.978 GC heap before
{Heap before GC invocations=21 (full 0):
 garbage-first heap   total 73728K, used 58379K [0x0000000081c00000, 0x0000000100000000)
  region size 1024K, 36 young (36864K), 4 survivors (4096K)
 Metaspace       used 52625K, capacity 53883K, committed 54064K, reserved 1095680K
  class space    used 6981K, capacity 7488K, committed 7552K, reserved 1048576K
}
Event: 13.988 GC heap after
{Heap after GC invocations=22 (full 0):
 garbage-first heap   total 89088K, used 27492K [0x0000000081c00000, 0x0000000100000000)
  region size 1024K, 4 young (4096K), 4 survivors (4096K)
 Metaspace       used 52625K, capacity 53883K, committed 54064K, reserved 1095680K
  class space    used 6981K, capacity 7488K, committed 7552K, reserved 1048576K
}
Event: 16.335 GC heap before
{Heap before GC invocations=22 (full 0):
 garbage-first heap   total 89088K, used 71524K [0x0000000081c00000, 0x0000000100000000)
  region size 1024K, 48 young (49152K), 4 survivors (4096K)
 Metaspace       used 58358K, capacity 59636K, committed 59952K, reserved 1101824K
  class space    used 7701K, capacity 8206K, committed 8320K, reserved 1048576K
}
Event: 16.347 GC heap after
{Heap after GC invocations=23 (full 0):
 garbage-first heap   total 89088K, used 30517K [0x0000000081c00000, 0x0000000100000000)
  region size 1024K, 5 young (5120K), 5 survivors (5120K)
 Metaspace       used 58358K, capacity 59636K, committed 59952K, reserved 1101824K
  class space    used 7701K, capacity 8206K, committed 8320K, reserved 1048576K
}
Event: 16.461 GC heap before
{Heap before GC invocations=23 (full 0):
 garbage-first heap   total 89088K, used 34613K [0x0000000081c00000, 0x0000000100000000)
  region size 1024K, 10 young (10240K), 5 survivors (5120K)
 Metaspace       used 58873K, capacity 60133K, committed 60208K, reserved 1101824K
  class space    used 7788K, capacity 8308K, committed 8320K, reserved 1048576K
}
Event: 16.469 GC heap after
{Heap after GC invocations=24 (full 0):
 garbage-first heap   total 89088K, used 31068K [0x0000000081c00000, 0x0000000100000000)
  region size 1024K, 4 young (4096K), 4 survivors (4096K)
 Metaspace       used 58873K, capacity 60133K, committed 60208K, reserved 1101824K
  class space    used 7788K, capacity 8308K, committed 8320K, reserved 1048576K
}
Event: 17.476 GC heap before
{Heap before GC invocations=25 (full 0):
 garbage-first heap   total 89088K, used 72028K [0x0000000081c00000, 0x0000000100000000)
  region size 1024K, 44 young (45056K), 4 survivors (4096K)
 Metaspace       used 62908K, capacity 64203K, committed 64540K, reserved 1105920K
  class space    used 8449K, capacity 8973K, committed 9068K, reserved 1048576K
}
Event: 17.483 GC heap after
{Heap after GC invocations=26 (full 0):
 garbage-first heap   total 89088K, used 32311K [0x0000000081c00000, 0x0000000100000000)
  region size 1024K, 5 young (5120K), 5 survivors (5120K)
 Metaspace       used 62908K, capacity 64203K, committed 64540K, reserved 1105920K
  class space    used 8449K, capacity 8973K, committed 9068K, reserved 1048576K
}

