# JRE version: OpenJDK Runtime Environment AdoptOpenJDK (14.0.2+12) (build 14.0.2+12)
# Java VM: OpenJDK 64-Bit Server VM AdoptOpenJDK (14.0.2+12, mixed mode, sharing, tiered, compressed oops, g1 gc, windows-amd64)
Heap:
 garbage-first heap   total 131072K, used 51280K [0x0000000081c00000, 0x0000000100000000)
  region size 1024K, 40 young (40960K), 8 survivors (8192K)
 Metaspace       used 14888K, capacity 16283K, committed 16512K, reserved 1064960K
  class space    used 1624K, capacity 1876K, committed 1920K, reserved 1048576K
GC Heap History (10 events):
Event: 4.486 GC heap before
{Heap before GC invocations=0 (full 0):
 garbage-first heap   total 131072K, used 12288K [0x0000000081c00000, 0x0000000100000000)
  region size 1024K, 13 young (13312K), 0 survivors (0K)
 Metaspace       used 3350K, capacity 6444K, committed 6656K, reserved 1056768K
  class space    used 344K, capacity 663K, committed 768K, reserved 1048576K
}
Event: 4.492 GC heap after
{Heap after GC invocations=1 (full 0):
 garbage-first heap   total 131072K, used 3009K [0x0000000081c00000, 0x0000000100000000)
  region size 1024K, 2 young (2048K), 2 survivors (2048K)
 Metaspace       used 3350K, capacity 6444K, committed 6656K, reserved 1056768K
  class space    used 344K, capacity 663K, committed 768K, reserved 1048576K
}
Event: 5.550 GC heap before
{Heap before GC invocations=1 (full 0):
 garbage-first heap   total 131072K, used 16321K [0x0000000081c00000, 0x0000000100000000)
  region size 1024K, 15 young (15360K), 2 survivors (2048K)
 Metaspace       used 5216K, capacity 7838K, committed 8064K, reserved 1056768K
  class space    used 618K, capacity 893K, committed 896K, reserved 1048576K
}
Event: 5.557 GC heap after
{Heap after GC invocations=2 (full 0):
 garbage-first heap   total 131072K, used 3659K [0x0000000081c00000, 0x0000000100000000)
  region size 1024K, 1 young (1024K), 1 survivors (1024K)
 Metaspace       used 5216K, capacity 7838K, committed 8064K, reserved 1056768K
  class space    used 618K, capacity 893K, committed 896K, reserved 1048576K
}
Event: 6.626 GC heap before
{Heap before GC invocations=2 (full 0):
 garbage-first heap   total 131072K, used 30283K [0x0000000081c00000, 0x0000000100000000)
  region size 1024K, 27 young (27648K), 1 survivors (1024K)
 Metaspace       used 8483K, capacity 10799K, committed 11136K, reserved 1058816K
  class space    used 1026K, capacity 1322K, committed 1408K, reserved 1048576K
}
Event: 6.629 GC heap after
{Heap after GC invocations=3 (full 0):
 garbage-first heap   total 131072K, used 4541K [0x0000000081c00000, 0x0000000100000000)
  region size 1024K, 2 young (2048K), 2 survivors (2048K)
 Metaspace       used 8483K, capacity 10799K, committed 11136K, reserved 1058816K
  class space    used 1026K, capacity 1322K, committed 1408K, reserved 1048576K
}
Event: 15.506 GC heap before
{Heap before GC invocations=3 (full 0):
 garbage-first heap   total 131072K, used 80317K [0x0000000081c00000, 0x0000000100000000)
  region size 1024K, 76 young (77824K), 2 survivors (2048K)
 Metaspace       used 13471K, capacity 15036K, committed 15104K, reserved 1062912K
  class space    used 1533K, capacity 1761K, committed 1792K, reserved 1048576K
}
Event: 15.524 GC heap after
{Heap after GC invocations=4 (full 0):
 garbage-first heap   total 131072K, used 11870K [0x0000000081c00000, 0x0000000100000000)
  region size 1024K, 9 young (9216K), 9 survivors (9216K)
 Metaspace       used 13471K, capacity 15036K, committed 15104K, reserved 1062912K
  class space    used 1533K, capacity 1761K, committed 1792K, reserved 1048576K
}
Event: 20.679 GC heap before
{Heap before GC invocations=4 (full 0):
 garbage-first heap   total 131072K, used 80478K [0x0000000081c00000, 0x0000000100000000)
  region size 1024K, 76 young (77824K), 9 survivors (9216K)
 Metaspace       used 14095K, capacity 15575K, committed 15616K, reserved 1062912K
  class space    used 1542K, capacity 1769K, committed 1792K, reserved 1048576K
}
Event: 20.710 GC heap after
{Heap after GC invocations=5 (full 0):
 garbage-first heap   total 131072K, used 19536K [0x0000000081c00000, 0x0000000100000000)
  region size 1024K, 8 young (8192K), 8 survivors (8192K)
 Metaspace       used 14095K, capacity 15575K, committed 15616K, reserved 1062912K
  class space    used 1542K, capacity 1769K, committed 1792K, reserved 1048576K
}

